<?xml version="1.0" encoding="UTF-8"?>
<!-- Generated by org.testng.reporters.JUnitXMLReporter -->
<testsuite ignored="1" hostname="LAPTOP-P1L26TSF" failures="0" tests="1" name="Default test" time="10.976" errors="0" timestamp="2022-11-12T16:48:24 BDT">
  <testcase classname="compass.uat.tests.CompassUattests" name="TC_2" time="5.076"/>
  <testcase classname="compass.uat.tests.CompassUattests" name="TC_1" time="0.0">
    <ignored/>
  </testcase> <!-- TC_1 -->
</testsuite> <!-- Default test -->
